<?xml version="1.0" encoding="UTF-8"?>
<!-- Generated by org.testng.reporters.JUnitReportReporter -->
<testsuite hostname="LTIN332923" failures="0" tests="1" name="test1.seleniumc" time="50.018" errors="0" timestamp="2022-11-13T19:38:23 IST" skipped="0">
  <testcase classname="test1.seleniumc" name="initiall" time="50.018"/>
  <system-out/>
</testsuite> <!-- test1.seleniumc -->
