<?xml version="1.0" encoding="UTF-8"?>
<!-- Generated by org.testng.reporters.JUnitReportReporter -->
<testsuite hostname="LTIN332923" failures="0" tests="1" name="test.selenium" time="40.996" errors="0" timestamp="2022-11-16T11:11:40 IST" skipped="0">
  <testcase classname="test.selenium" name="initial" time="40.996"/>
  <system-out/>
</testsuite> <!-- test.selenium -->
